# JRE version: OpenJDK Runtime Environment GraalVM CE 22.3.2 (17.0.7+7) (build 17.0.7+7-jvmci-22.3-b18)
# Java VM: OpenJDK 64-Bit Server VM GraalVM CE 22.3.2 (17.0.7+7-jvmci-22.3-b18, mixed mode, tiered, jvmci, jvmci compiler, g1 gc, linux-amd64)
GC Precious Log:
 CPUs: 8 total, 8 available
 Memory: 15989M
 Large Page Support: Disabled
 NUMA Support: Disabled
 Compressed Oops: Disabled
 Heap Region Size: 8M
 Heap Min Capacity: 128M
 Heap Initial Capacity: 128M
 Heap Max Capacity: 88G
 Pre-touch: Enabled
 Parallel Workers: 8
 Concurrent Workers: 2
 Concurrent Refinement Workers: 8
 Periodic GC: Disabled
Heap:
 garbage-first heap   total 2310144K, used 1859584K [0x00007fc67f000000, 0x00007fdc7f000000)
  region size 8192K, 84 young (688128K), 3 survivors (24576K)
 Metaspace       used 233286K, committed 234112K, reserved 262144K
GC Heap History (20 events):
Event: 53,180 GC heap after
{Heap after GC invocations=70 (full 0):
 garbage-first heap   total 1425408K, used 556873K [0x00007fc67f000000, 0x00007fdc7f000000)
  region size 8192K, 2 young (16384K), 2 survivors (16384K)
 Metaspace       used 190579K, committed 191232K, reserved 196608K
}
Event: 54,227 GC heap before
{Heap before GC invocations=70 (full 0):
 garbage-first heap   total 1425408K, used 1089353K [0x00007fc67f000000, 0x00007fdc7f000000)
  region size 8192K, 52 young (425984K), 2 survivors (16384K)
 Metaspace       used 191920K, committed 192576K, reserved 196608K
}
Event: 54,263 GC heap after
{Heap after GC invocations=71 (full 0):
 garbage-first heap   total 1425408K, used 608257K [0x00007fc67f000000, 0x00007fdc7f000000)
  region size 8192K, 2 young (16384K), 2 survivors (16384K)
 Metaspace       used 191920K, committed 192576K, reserved 196608K
}
Event: 55,795 GC heap before
{Heap before GC invocations=71 (full 0):
 garbage-first heap   total 1425408K, used 1075201K [0x00007fc67f000000, 0x00007fdc7f000000)
  region size 8192K, 59 young (483328K), 2 survivors (16384K)
 Metaspace       used 193084K, committed 193728K, reserved 196608K
}
Event: 55,802 GC heap after
{Heap after GC invocations=72 (full 0):
 garbage-first heap   total 1425408K, used 575293K [0x00007fc67f000000, 0x00007fdc7f000000)
  region size 8192K, 1 young (8192K), 1 survivors (8192K)
 Metaspace       used 193084K, committed 193728K, reserved 196608K
}
Event: 57,266 GC heap before
{Heap before GC invocations=73 (full 0):
 garbage-first heap   total 1425408K, used 1083197K [0x00007fc67f000000, 0x00007fdc7f000000)
  region size 8192K, 63 young (516096K), 1 survivors (8192K)
 Metaspace       used 195262K, committed 196032K, reserved 196608K
}
Event: 57,273 GC heap after
{Heap after GC invocations=74 (full 0):
 garbage-first heap   total 1425408K, used 579185K [0x00007fc67f000000, 0x00007fdc7f000000)
  region size 8192K, 1 young (8192K), 1 survivors (8192K)
 Metaspace       used 195262K, committed 196032K, reserved 196608K
}
Event: 59,687 GC heap before
{Heap before GC invocations=74 (full 0):
 garbage-first heap   total 1425408K, used 996977K [0x00007fc67f000000, 0x00007fdc7f000000)
  region size 8192K, 52 young (425984K), 1 survivors (8192K)
 Metaspace       used 203120K, committed 203904K, reserved 262144K
}
Event: 59,753 GC heap after
{Heap after GC invocations=75 (full 0):
 garbage-first heap   total 1425408K, used 660866K [0x00007fc67f000000, 0x00007fdc7f000000)
  region size 8192K, 2 young (16384K), 2 survivors (16384K)
 Metaspace       used 203120K, committed 203904K, reserved 262144K
}
Event: 61,073 GC heap before
{Heap before GC invocations=75 (full 0):
 garbage-first heap   total 1425408K, used 1070466K [0x00007fc67f000000, 0x00007fdc7f000000)
  region size 8192K, 52 young (425984K), 2 survivors (16384K)
 Metaspace       used 208552K, committed 209280K, reserved 262144K
}
Event: 61,130 GC heap after
{Heap after GC invocations=76 (full 0):
 garbage-first heap   total 1425408K, used 790297K [0x00007fc67f000000, 0x00007fdc7f000000)
  region size 8192K, 2 young (16384K), 2 survivors (16384K)
 Metaspace       used 208552K, committed 209280K, reserved 262144K
}
Event: 62,219 GC heap before
{Heap before GC invocations=76 (full 0):
 garbage-first heap   total 1425408K, used 1208089K [0x00007fc67f000000, 0x00007fdc7f000000)
  region size 8192K, 51 young (417792K), 2 survivors (16384K)
 Metaspace       used 211305K, committed 212096K, reserved 262144K
}
Event: 62,332 GC heap after
{Heap after GC invocations=77 (full 0):
 garbage-first heap   total 1851392K, used 849263K [0x00007fc67f000000, 0x00007fdc7f000000)
  region size 8192K, 2 young (16384K), 2 survivors (16384K)
 Metaspace       used 211305K, committed 212096K, reserved 262144K
}
Event: 63,279 GC heap before
{Heap before GC invocations=77 (full 0):
 garbage-first heap   total 1851392K, used 1389935K [0x00007fc67f000000, 0x00007fdc7f000000)
  region size 8192K, 67 young (548864K), 2 survivors (16384K)
 Metaspace       used 211387K, committed 212160K, reserved 262144K
}
Event: 63,345 GC heap after
{Heap after GC invocations=78 (full 0):
 garbage-first heap   total 1851392K, used 958464K [0x00007fc67f000000, 0x00007fdc7f000000)
  region size 8192K, 3 young (24576K), 3 survivors (24576K)
 Metaspace       used 211387K, committed 212160K, reserved 262144K
}
Event: 63,910 GC heap before
{Heap before GC invocations=78 (full 0):
 garbage-first heap   total 1851392K, used 1482752K [0x00007fc67f000000, 0x00007fdc7f000000)
  region size 8192K, 67 young (548864K), 3 survivors (24576K)
 Metaspace       used 211397K, committed 212160K, reserved 262144K
}
Event: 63,985 GC heap after
{Heap after GC invocations=79 (full 0):
 garbage-first heap   total 1851392K, used 1085586K [0x00007fc67f000000, 0x00007fdc7f000000)
  region size 8192K, 3 young (24576K), 3 survivors (24576K)
 Metaspace       used 211397K, committed 212160K, reserved 262144K
}
Event: 64,657 GC heap before
{Heap before GC invocations=79 (full 0):
 garbage-first heap   total 1851392K, used 1388690K [0x00007fc67f000000, 0x00007fdc7f000000)
  region size 8192K, 41 young (335872K), 3 survivors (24576K)
 Metaspace       used 211408K, committed 212160K, reserved 262144K
}
Event: 64,724 GC heap after
{Heap after GC invocations=80 (full 0):
 garbage-first heap   total 1851392K, used 1179648K [0x00007fc67f000000, 0x00007fdc7f000000)
  region size 8192K, 3 young (24576K), 3 survivors (24576K)
 Metaspace       used 211408K, committed 212160K, reserved 262144K
}
Event: 68,311 GC heap before
{Heap before GC invocations=81 (full 0):
 garbage-first heap   total 2310144K, used 1859584K [0x00007fc67f000000, 0x00007fdc7f000000)
  region size 8192K, 84 young (688128K), 3 survivors (24576K)
 Metaspace       used 233286K, committed 234112K, reserved 262144K
}

